<?xml version="1.0" encoding="UTF-8"?>
<testng-results skipped="0" failed="0" ignored="0" total="8" passed="8">
  <reporter-output>
  </reporter-output>
  <suite name="Default suite" duration-ms="25603" started-at="2021-05-06T22:14:57 IST" finished-at="2021-05-06T22:15:23 IST">
    <groups>
    </groups>
    <test name="Default test" duration-ms="25603" started-at="2021-05-06T22:14:57 IST" finished-at="2021-05-06T22:15:23 IST">
      <class name="Test.TestAPICaseStudy">
        <test-method status="PASS" signature="setup()[pri:0, instance:Test.TestAPICaseStudy@2781e022]" name="setup" is-config="true" duration-ms="6505" started-at="2021-05-06T22:14:57 IST" finished-at="2021-05-06T22:15:04 IST">
          <reporter-output>
          </reporter-output>
        </test-method> <!-- setup -->
        <test-method status="PASS" signature="login()[pri:0, instance:Test.TestAPICaseStudy@2781e022]" name="login" duration-ms="4000" started-at="2021-05-06T22:15:04 IST" finished-at="2021-05-06T22:15:08 IST">
          <reporter-output>
          </reporter-output>
        </test-method> <!-- login -->
        <test-method status="PASS" signature="GetUser()[pri:1, instance:Test.TestAPICaseStudy@2781e022]" name="GetUser" duration-ms="3490" started-at="2021-05-06T22:15:08 IST" finished-at="2021-05-06T22:15:11 IST">
          <reporter-output>
          </reporter-output>
        </test-method> <!-- GetUser -->
        <test-method status="PASS" signature="GetCategories()[pri:2, instance:Test.TestAPICaseStudy@2781e022]" name="GetCategories" duration-ms="5865" started-at="2021-05-06T22:15:11 IST" finished-at="2021-05-06T22:15:17 IST">
          <reporter-output>
          </reporter-output>
        </test-method> <!-- GetCategories -->
        <test-method status="PASS" signature="AddProductCategories()[pri:3, instance:Test.TestAPICaseStudy@2781e022]" name="AddProductCategories" duration-ms="871" started-at="2021-05-06T22:15:17 IST" finished-at="2021-05-06T22:15:18 IST">
          <reporter-output>
          </reporter-output>
        </test-method> <!-- AddProductCategories -->
        <test-method status="PASS" signature="GetProductCategoriesByID()[pri:4, instance:Test.TestAPICaseStudy@2781e022]" name="GetProductCategoriesByID" duration-ms="1927" started-at="2021-05-06T22:15:18 IST" finished-at="2021-05-06T22:15:20 IST">
          <reporter-output>
          </reporter-output>
        </test-method> <!-- GetProductCategoriesByID -->
        <test-method status="PASS" signature="DeleteProductCategoriesByID()[pri:5, instance:Test.TestAPICaseStudy@2781e022]" name="DeleteProductCategoriesByID" duration-ms="1004" started-at="2021-05-06T22:15:20 IST" finished-at="2021-05-06T22:15:21 IST">
          <reporter-output>
          </reporter-output>
        </test-method> <!-- DeleteProductCategoriesByID -->
        <test-method status="PASS" signature="VerifyDeleteProductCategoriesByID()[pri:6, instance:Test.TestAPICaseStudy@2781e022]" name="VerifyDeleteProductCategoriesByID" duration-ms="1019" started-at="2021-05-06T22:15:21 IST" finished-at="2021-05-06T22:15:22 IST">
          <reporter-output>
          </reporter-output>
        </test-method> <!-- VerifyDeleteProductCategoriesByID -->
        <test-method status="PASS" signature="Getlogout()[pri:7, instance:Test.TestAPICaseStudy@2781e022]" name="Getlogout" duration-ms="816" started-at="2021-05-06T22:15:22 IST" finished-at="2021-05-06T22:15:23 IST">
          <reporter-output>
          </reporter-output>
        </test-method> <!-- Getlogout -->
      </class> <!-- Test.TestAPICaseStudy -->
    </test> <!-- Default test -->
  </suite> <!-- Default suite -->
</testng-results>
