<?xml version="1.0" encoding="UTF-8"?>
<!-- Generated by org.testng.reporters.JUnitXMLReporter -->
<testsuite hostname="DESKTOP-O7LM0VM" name="Command line test" tests="4" failures="0" timestamp="6 May 2021 13:43:41 GMT" time="13.334" errors="0">
  <testcase name="login" time="0.727" classname="Test.TestAPICaseStudy"/>
  <testcase name="GetUser" time="0.926" classname="Test.TestAPICaseStudy"/>
  <testcase name="GetCategories" time="5.065" classname="Test.TestAPICaseStudy"/>
  <testcase name="Getlogout" time="1.134" classname="Test.TestAPICaseStudy"/>
</testsuite> <!-- Command line test -->
