<?xml version="1.0" encoding="UTF-8"?>
<testng-results skipped="0" failed="0" total="4" passed="4">
  <reporter-output>
  </reporter-output>
  <suite name="Test.TestAPICaseStudy" duration-ms="13334" started-at="2021-05-06T13:43:28Z" finished-at="2021-05-06T13:43:41Z">
    <groups>
    </groups>
    <test name="Command line test" duration-ms="13334" started-at="2021-05-06T13:43:28Z" finished-at="2021-05-06T13:43:41Z">
      <class name="Test.TestAPICaseStudy">
        <test-method status="PASS" signature="setup()[pri:0, instance:Test.TestAPICaseStudy@26ba2a48]" name="setup" is-config="true" duration-ms="5460" started-at="2021-05-06T19:13:28Z" finished-at="2021-05-06T19:13:33Z">
          <reporter-output>
          </reporter-output>
        </test-method> <!-- setup -->
        <test-method status="PASS" signature="login()[pri:0, instance:Test.TestAPICaseStudy@26ba2a48]" name="login" duration-ms="727" started-at="2021-05-06T19:13:33Z" finished-at="2021-05-06T19:13:34Z">
          <reporter-output>
          </reporter-output>
        </test-method> <!-- login -->
        <test-method status="PASS" signature="GetUser()[pri:1, instance:Test.TestAPICaseStudy@26ba2a48]" name="GetUser" duration-ms="926" started-at="2021-05-06T19:13:34Z" finished-at="2021-05-06T19:13:35Z">
          <reporter-output>
          </reporter-output>
        </test-method> <!-- GetUser -->
        <test-method status="PASS" signature="GetCategories()[pri:2, instance:Test.TestAPICaseStudy@26ba2a48]" name="GetCategories" duration-ms="5065" started-at="2021-05-06T19:13:35Z" finished-at="2021-05-06T19:13:40Z">
          <reporter-output>
          </reporter-output>
        </test-method> <!-- GetCategories -->
        <test-method status="PASS" signature="Getlogout()[pri:3, instance:Test.TestAPICaseStudy@26ba2a48]" name="Getlogout" duration-ms="1134" started-at="2021-05-06T19:13:40Z" finished-at="2021-05-06T19:13:41Z">
          <reporter-output>
          </reporter-output>
        </test-method> <!-- Getlogout -->
      </class> <!-- Test.TestAPICaseStudy -->
    </test> <!-- Command line test -->
  </suite> <!-- Test.TestAPICaseStudy -->
</testng-results>
